mode: set
reddit/pkg/posts/comment_repo.go:12.63,14.2 1 0
reddit/pkg/posts/comment_repo.go:16.92,25.2 3 0
reddit/pkg/posts/comment_repo.go:27.71,30.16 3 0
reddit/pkg/posts/comment_repo.go:34.2,34.21 1 0
reddit/pkg/posts/comment_repo.go:30.16,33.3 2 0
reddit/pkg/posts/comment_repo.go:37.77,39.16 2 0
reddit/pkg/posts/comment_repo.go:42.2,42.18 1 0
reddit/pkg/posts/comment_repo.go:39.16,41.3 1 0
reddit/pkg/posts/post_repo.go:29.63,31.2 1 1
reddit/pkg/posts/post_repo.go:33.50,36.16 3 1
reddit/pkg/posts/post_repo.go:40.2,40.19 1 1
reddit/pkg/posts/post_repo.go:36.16,39.3 2 1
reddit/pkg/posts/post_repo.go:43.70,46.16 3 1
reddit/pkg/posts/post_repo.go:50.2,50.19 1 1
reddit/pkg/posts/post_repo.go:46.16,49.3 2 1
reddit/pkg/posts/post_repo.go:53.65,56.16 3 1
reddit/pkg/posts/post_repo.go:60.2,60.18 1 1
reddit/pkg/posts/post_repo.go:56.16,59.3 2 1
reddit/pkg/posts/post_repo.go:63.70,66.16 3 1
reddit/pkg/posts/post_repo.go:70.2,70.19 1 1
reddit/pkg/posts/post_repo.go:66.16,69.3 2 1
reddit/pkg/posts/post_repo.go:79.30,94.24 4 1
reddit/pkg/posts/post_repo.go:103.2,109.16 3 1
reddit/pkg/posts/post_repo.go:113.2,113.21 1 1
reddit/pkg/posts/post_repo.go:94.24,98.3 3 1
reddit/pkg/posts/post_repo.go:98.8,102.3 3 1
reddit/pkg/posts/post_repo.go:109.16,112.3 2 1
reddit/pkg/posts/post_repo.go:116.83,118.16 2 1
reddit/pkg/posts/post_repo.go:121.2,125.16 3 1
reddit/pkg/posts/post_repo.go:128.2,128.18 1 1
reddit/pkg/posts/post_repo.go:118.16,120.3 1 1
reddit/pkg/posts/post_repo.go:125.16,127.3 1 1
reddit/pkg/posts/post_repo.go:131.60,133.16 2 1
reddit/pkg/posts/post_repo.go:136.2,140.16 3 1
reddit/pkg/posts/post_repo.go:143.2,143.12 1 1
reddit/pkg/posts/post_repo.go:133.16,135.3 1 1
reddit/pkg/posts/post_repo.go:140.16,142.3 1 1
reddit/pkg/posts/post_repo.go:146.86,148.16 2 1
reddit/pkg/posts/post_repo.go:152.2,152.40 1 1
reddit/pkg/posts/post_repo.go:159.2,162.16 2 1
reddit/pkg/posts/post_repo.go:165.2,165.18 1 1
reddit/pkg/posts/post_repo.go:148.16,150.3 1 1
reddit/pkg/posts/post_repo.go:152.40,153.45 1 1
reddit/pkg/posts/post_repo.go:153.45,155.9 2 1
reddit/pkg/posts/post_repo.go:162.16,164.3 1 1
reddit/pkg/posts/post_repo.go:168.85,170.16 2 1
reddit/pkg/posts/post_repo.go:173.2,175.34 3 1
reddit/pkg/posts/post_repo.go:183.2,183.21 1 1
reddit/pkg/posts/post_repo.go:198.2,203.16 3 1
reddit/pkg/posts/post_repo.go:206.2,206.18 1 1
reddit/pkg/posts/post_repo.go:170.16,172.3 1 1
reddit/pkg/posts/post_repo.go:175.34,176.29 1 1
reddit/pkg/posts/post_repo.go:179.3,179.23 1 1
reddit/pkg/posts/post_repo.go:176.29,178.4 1 1
reddit/pkg/posts/post_repo.go:179.23,181.4 1 1
reddit/pkg/posts/post_repo.go:183.21,184.41 1 1
reddit/pkg/posts/post_repo.go:184.41,188.4 3 1
reddit/pkg/posts/post_repo.go:189.8,196.3 3 1
reddit/pkg/posts/post_repo.go:203.16,205.3 1 1
reddit/pkg/posts/post_repo.go:209.87,211.16 2 1
reddit/pkg/posts/post_repo.go:214.2,216.34 3 1
reddit/pkg/posts/post_repo.go:224.2,224.21 1 1
reddit/pkg/posts/post_repo.go:238.2,242.16 3 1
reddit/pkg/posts/post_repo.go:245.2,245.18 1 1
reddit/pkg/posts/post_repo.go:211.16,213.3 1 1
reddit/pkg/posts/post_repo.go:216.34,217.29 1 1
reddit/pkg/posts/post_repo.go:220.3,220.23 1 1
reddit/pkg/posts/post_repo.go:217.29,219.4 1 1
reddit/pkg/posts/post_repo.go:220.23,222.4 1 1
reddit/pkg/posts/post_repo.go:224.21,225.40 1 1
reddit/pkg/posts/post_repo.go:225.40,229.4 3 1
reddit/pkg/posts/post_repo.go:230.8,236.3 2 1
reddit/pkg/posts/post_repo.go:242.16,244.3 1 1
reddit/pkg/posts/post_repo.go:248.67,250.28 2 1
reddit/pkg/posts/post_repo.go:255.2,255.18 1 1
reddit/pkg/posts/post_repo.go:250.28,252.3 1 1
reddit/pkg/posts/post_repo.go:252.8,252.23 1 1
reddit/pkg/posts/post_repo.go:252.23,254.3 1 1
reddit/pkg/posts/post_repoDB_mock.go:24.71,28.2 3 1
reddit/pkg/posts/post_repoDB_mock.go:31.69,33.2 1 1
reddit/pkg/posts/post_repoDB_mock.go:36.57,41.2 4 1
reddit/pkg/posts/post_repoDB_mock.go:44.77,47.2 2 1
reddit/pkg/posts/post_repoDB_mock.go:50.57,55.2 4 1
reddit/pkg/posts/post_repoDB_mock.go:58.77,61.2 2 1
reddit/pkg/posts/post_repoDB_mock.go:75.95,79.2 3 1
reddit/pkg/posts/post_repoDB_mock.go:82.93,84.2 1 1
reddit/pkg/posts/post_repoDB_mock.go:87.78,92.2 4 1
reddit/pkg/posts/post_repoDB_mock.go:95.90,98.2 2 1
reddit/pkg/posts/post_repoDB_mock.go:101.75,104.25 3 1
reddit/pkg/posts/post_repoDB_mock.go:107.2,109.13 3 1
reddit/pkg/posts/post_repoDB_mock.go:104.25,106.3 1 1
reddit/pkg/posts/post_repoDB_mock.go:113.95,116.2 2 1
reddit/pkg/posts/post_repoDB_mock.go:119.78,124.2 4 1
reddit/pkg/posts/post_repoDB_mock.go:127.98,130.2 2 1
reddit/pkg/posts/post_repoDB_mock.go:133.72,138.2 4 1
reddit/pkg/posts/post_repoDB_mock.go:141.92,144.2 2 1
