mode: set
reddit/pkg/user/user.go:21.40,23.2 1 1
reddit/pkg/user/user.go:31.68,38.16 5 1
reddit/pkg/user/user.go:41.2,41.24 1 1
reddit/pkg/user/user.go:44.2,49.18 2 1
reddit/pkg/user/user.go:38.16,40.3 1 1
reddit/pkg/user/user.go:41.24,43.3 1 1
reddit/pkg/user/user.go:52.62,58.51 2 1
reddit/pkg/user/user.go:63.2,63.16 1 1
reddit/pkg/user/user.go:66.2,66.30 1 1
reddit/pkg/user/user.go:58.51,59.32 1 1
reddit/pkg/user/user.go:59.32,61.4 1 1
reddit/pkg/user/user.go:63.16,65.3 1 1
reddit/pkg/user/user.go:69.56,76.16 4 1
reddit/pkg/user/user.go:79.2,84.18 2 1
reddit/pkg/user/user.go:76.16,78.3 1 1
