mode: set
reddit/pkg/handlers/posts.go:69.108,71.44 2 1
reddit/pkg/handlers/posts.go:78.2,93.26 2 1
reddit/pkg/handlers/posts.go:71.44,73.17 2 1
reddit/pkg/handlers/posts.go:76.3,76.39 1 1
reddit/pkg/handlers/posts.go:73.17,75.4 1 1
reddit/pkg/handlers/posts.go:98.69,100.16 2 1
reddit/pkg/handlers/posts.go:105.2,105.29 1 1
reddit/pkg/handlers/posts.go:100.16,104.3 3 1
reddit/pkg/handlers/posts.go:108.72,110.16 2 1
reddit/pkg/handlers/posts.go:116.2,118.29 2 1
reddit/pkg/handlers/posts.go:128.2,130.28 3 1
reddit/pkg/handlers/posts.go:110.16,114.3 3 1
reddit/pkg/handlers/posts.go:118.29,120.17 2 1
reddit/pkg/handlers/posts.go:125.3,125.54 1 1
reddit/pkg/handlers/posts.go:120.17,124.4 3 1
reddit/pkg/handlers/posts.go:133.77,137.16 4 1
reddit/pkg/handlers/posts.go:143.2,145.29 2 1
reddit/pkg/handlers/posts.go:155.2,157.33 3 1
reddit/pkg/handlers/posts.go:137.16,141.3 3 1
reddit/pkg/handlers/posts.go:145.29,147.17 2 1
reddit/pkg/handlers/posts.go:152.3,152.54 1 1
reddit/pkg/handlers/posts.go:147.17,151.4 3 1
reddit/pkg/handlers/posts.go:160.80,164.16 4 1
reddit/pkg/handlers/posts.go:170.2,172.29 2 1
reddit/pkg/handlers/posts.go:182.2,184.44 3 1
reddit/pkg/handlers/posts.go:164.16,168.3 3 1
reddit/pkg/handlers/posts.go:172.29,174.17 2 1
reddit/pkg/handlers/posts.go:179.3,179.54 1 1
reddit/pkg/handlers/posts.go:174.17,178.4 3 1
reddit/pkg/handlers/posts.go:187.73,189.36 2 1
reddit/pkg/handlers/posts.go:194.2,196.16 3 1
reddit/pkg/handlers/posts.go:201.2,202.16 2 1
reddit/pkg/handlers/posts.go:207.2,208.16 2 1
reddit/pkg/handlers/posts.go:214.2,216.41 3 1
reddit/pkg/handlers/posts.go:189.36,193.3 3 1
reddit/pkg/handlers/posts.go:196.16,200.3 3 1
reddit/pkg/handlers/posts.go:202.16,206.3 3 1
reddit/pkg/handlers/posts.go:208.16,212.3 3 1
reddit/pkg/handlers/posts.go:219.68,221.16 2 1
reddit/pkg/handlers/posts.go:226.2,229.38 4 1
reddit/pkg/handlers/posts.go:235.2,243.16 2 1
reddit/pkg/handlers/posts.go:249.2,250.16 2 1
reddit/pkg/handlers/posts.go:256.2,258.64 3 1
reddit/pkg/handlers/posts.go:221.16,225.3 3 1
reddit/pkg/handlers/posts.go:229.38,233.3 3 1
reddit/pkg/handlers/posts.go:243.16,247.3 3 1
reddit/pkg/handlers/posts.go:250.16,254.3 3 1
reddit/pkg/handlers/posts.go:261.71,263.16 2 1
reddit/pkg/handlers/posts.go:268.2,269.41 2 1
reddit/pkg/handlers/posts.go:274.2,276.16 3 1
reddit/pkg/handlers/posts.go:282.2,283.16 2 1
reddit/pkg/handlers/posts.go:289.2,291.31 3 1
reddit/pkg/handlers/posts.go:263.16,267.3 3 1
reddit/pkg/handlers/posts.go:269.41,273.3 3 1
reddit/pkg/handlers/posts.go:276.16,280.3 3 1
reddit/pkg/handlers/posts.go:283.16,287.3 3 1
reddit/pkg/handlers/posts.go:294.73,296.16 2 1
reddit/pkg/handlers/posts.go:301.2,302.41 2 1
reddit/pkg/handlers/posts.go:307.2,309.16 3 1
reddit/pkg/handlers/posts.go:315.2,316.16 2 1
reddit/pkg/handlers/posts.go:322.2,324.33 3 1
reddit/pkg/handlers/posts.go:296.16,300.3 3 1
reddit/pkg/handlers/posts.go:302.41,306.3 3 1
reddit/pkg/handlers/posts.go:309.16,313.3 3 1
reddit/pkg/handlers/posts.go:316.16,320.3 3 1
reddit/pkg/handlers/posts.go:327.71,329.16 2 1
reddit/pkg/handlers/posts.go:334.2,335.41 2 1
reddit/pkg/handlers/posts.go:339.2,341.16 3 1
reddit/pkg/handlers/posts.go:346.2,346.8 1 1
reddit/pkg/handlers/posts.go:329.16,333.3 3 1
reddit/pkg/handlers/posts.go:335.41,338.3 2 1
reddit/pkg/handlers/posts.go:341.16,345.3 3 1
reddit/pkg/handlers/posts.go:346.8,349.3 2 1
reddit/pkg/handlers/posts.go:349.8,352.3 2 1
reddit/pkg/handlers/user.go:37.69,41.38 4 1
reddit/pkg/handlers/user.go:46.2,47.27 2 1
reddit/pkg/handlers/user.go:52.2,52.28 1 1
reddit/pkg/handlers/user.go:57.2,58.20 2 1
reddit/pkg/handlers/user.go:41.38,45.3 3 1
reddit/pkg/handlers/user.go:47.27,51.3 3 1
reddit/pkg/handlers/user.go:52.28,56.3 3 1
reddit/pkg/handlers/user.go:58.20,60.3 1 1
reddit/pkg/handlers/user.go:60.8,63.3 2 1
reddit/pkg/handlers/user.go:66.70,70.38 4 1
reddit/pkg/handlers/user.go:75.2,76.36 2 1
reddit/pkg/handlers/user.go:90.2,95.20 3 1
reddit/pkg/handlers/user.go:70.38,74.3 3 1
reddit/pkg/handlers/user.go:76.36,89.3 3 1
reddit/pkg/handlers/user.go:95.20,97.3 1 1
reddit/pkg/handlers/user.go:97.8,100.3 2 1
reddit/pkg/handlers/user_repo_mock.go:27.91,31.2 3 1
reddit/pkg/handlers/user_repo_mock.go:34.89,36.2 1 1
reddit/pkg/handlers/user_repo_mock.go:39.91,45.2 5 0
reddit/pkg/handlers/user_repo_mock.go:48.89,51.2 2 0
reddit/pkg/handlers/user_repo_mock.go:54.104,60.2 5 1
reddit/pkg/handlers/user_repo_mock.go:63.96,66.2 2 1
reddit/pkg/handlers/user_repo_mock.go:80.91,84.2 3 1
reddit/pkg/handlers/user_repo_mock.go:87.89,89.2 1 1
reddit/pkg/handlers/user_repo_mock.go:92.88,98.2 5 1
reddit/pkg/handlers/user_repo_mock.go:101.99,104.2 2 1
reddit/pkg/handlers/user_repo_mock.go:107.77,113.2 5 1
reddit/pkg/handlers/user_repo_mock.go:116.93,119.2 2 1
reddit/pkg/handlers/user_repo_mock.go:122.79,128.2 5 0
reddit/pkg/handlers/user_repo_mock.go:131.91,134.2 2 0
reddit/pkg/handlers/comments.go:17.75,19.16 2 0
reddit/pkg/handlers/comments.go:24.2,29.38 5 0
reddit/pkg/handlers/comments.go:34.2,34.41 1 0
reddit/pkg/handlers/comments.go:38.2,40.16 3 0
reddit/pkg/handlers/comments.go:45.2,46.16 2 0
reddit/pkg/handlers/comments.go:51.2,52.16 2 0
reddit/pkg/handlers/comments.go:57.2,58.22 2 0
reddit/pkg/handlers/comments.go:63.2,64.63 2 0
reddit/pkg/handlers/comments.go:19.16,23.3 3 0
reddit/pkg/handlers/comments.go:29.38,33.3 3 0
reddit/pkg/handlers/comments.go:34.41,37.3 2 0
reddit/pkg/handlers/comments.go:40.16,44.3 3 0
reddit/pkg/handlers/comments.go:46.16,50.3 3 0
reddit/pkg/handlers/comments.go:52.16,56.3 3 0
reddit/pkg/handlers/comments.go:58.22,62.3 3 0
reddit/pkg/handlers/comments.go:67.78,69.16 2 0
reddit/pkg/handlers/comments.go:74.2,76.83 2 0
reddit/pkg/handlers/comments.go:80.2,83.29 4 0
reddit/pkg/handlers/comments.go:88.2,91.16 3 0
reddit/pkg/handlers/comments.go:97.2,98.22 2 0
reddit/pkg/handlers/comments.go:103.2,104.79 2 0
reddit/pkg/handlers/comments.go:69.16,73.3 3 0
reddit/pkg/handlers/comments.go:76.83,79.3 2 0
reddit/pkg/handlers/comments.go:83.29,86.3 2 0
reddit/pkg/handlers/comments.go:91.16,95.3 3 0
reddit/pkg/handlers/comments.go:98.22,102.3 3 0
reddit/pkg/handlers/post_repo_mock.go:27.93,31.2 3 1
reddit/pkg/handlers/post_repo_mock.go:34.91,36.2 1 1
reddit/pkg/handlers/post_repo_mock.go:39.72,45.2 5 1
reddit/pkg/handlers/post_repo_mock.go:48.75,51.2 2 1
reddit/pkg/handlers/post_repo_mock.go:54.88,60.2 5 1
reddit/pkg/handlers/post_repo_mock.go:63.96,66.2 2 1
reddit/pkg/handlers/post_repo_mock.go:69.89,75.2 5 1
reddit/pkg/handlers/post_repo_mock.go:78.92,81.2 2 1
reddit/pkg/handlers/post_repo_mock.go:84.91,90.2 5 1
reddit/pkg/handlers/post_repo_mock.go:93.99,96.2 2 1
reddit/pkg/handlers/post_repo_mock.go:99.119,105.2 5 1
reddit/pkg/handlers/post_repo_mock.go:108.118,111.2 2 1
reddit/pkg/handlers/post_repo_mock.go:114.98,120.2 5 0
reddit/pkg/handlers/post_repo_mock.go:123.101,126.2 2 0
reddit/pkg/handlers/post_repo_mock.go:129.74,134.2 4 1
reddit/pkg/handlers/post_repo_mock.go:137.92,140.2 2 1
reddit/pkg/handlers/post_repo_mock.go:143.101,149.2 5 0
reddit/pkg/handlers/post_repo_mock.go:152.104,155.2 2 0
reddit/pkg/handlers/post_repo_mock.go:158.105,164.2 5 1
reddit/pkg/handlers/post_repo_mock.go:167.97,170.2 2 1
reddit/pkg/handlers/post_repo_mock.go:173.107,179.2 5 1
reddit/pkg/handlers/post_repo_mock.go:182.99,185.2 2 1
reddit/pkg/handlers/post_repo_mock.go:188.81,194.2 5 1
reddit/pkg/handlers/post_repo_mock.go:197.91,200.2 2 1
reddit/pkg/handlers/post_repo_mock.go:214.99,218.2 3 1
reddit/pkg/handlers/post_repo_mock.go:221.97,223.2 1 1
reddit/pkg/handlers/post_repo_mock.go:226.107,232.2 5 0
reddit/pkg/handlers/post_repo_mock.go:235.104,238.2 2 0
reddit/pkg/handlers/post_repo_mock.go:241.95,247.2 5 1
reddit/pkg/handlers/post_repo_mock.go:250.95,253.2 2 1
reddit/pkg/handlers/post_repo_mock.go:256.88,262.2 5 0
reddit/pkg/handlers/post_repo_mock.go:265.98,268.2 2 0
